[02-Jun-2016 19:39:49 UTC] PHP Warning:  move_uploaded_file(img/1464896372.jpg): failed to open stream: No such file or directory in /home/u695092214/public_html/php/subirImg.php on line 3
[02-Jun-2016 19:39:49 UTC] PHP Warning:  move_uploaded_file(): Unable to move '/tmp/phplP2CO8' to 'img/1464896372.jpg' in /home/u695092214/public_html/php/subirImg.php on line 3
[02-Jun-2016 19:54:06 UTC] PHP Warning:  move_uploaded_file(img/1464897228.jpg): failed to open stream: No such file or directory in /home/u695092214/public_html/php/subirImg.php on line 3
[02-Jun-2016 19:54:06 UTC] PHP Warning:  move_uploaded_file(): Unable to move '/tmp/php4BLYjw' to 'img/1464897228.jpg' in /home/u695092214/public_html/php/subirImg.php on line 3
[02-Jun-2016 19:57:18 UTC] PHP Warning:  move_uploaded_file(img/1464897402.jpg): failed to open stream: No such file or directory in /home/u695092214/public_html/php/subirImg.php on line 3
[02-Jun-2016 19:57:18 UTC] PHP Warning:  move_uploaded_file(): Unable to move '/tmp/phpIkl6dc' to 'img/1464897402.jpg' in /home/u695092214/public_html/php/subirImg.php on line 3
[02-Jun-2016 21:08:51 UTC] PHP Warning:  move_uploaded_file(img/1464901703.jpg): failed to open stream: No such file or directory in /home/u695092214/public_html/php/subirImg.php on line 3
[02-Jun-2016 21:08:51 UTC] PHP Warning:  move_uploaded_file(): Unable to move '/tmp/php1vEyp3' to 'img/1464901703.jpg' in /home/u695092214/public_html/php/subirImg.php on line 3
[02-Jun-2016 21:12:17 UTC] PHP Warning:  move_uploaded_file(img/1464901915.jpg): failed to open stream: No such file or directory in /home/u695092214/public_html/php/subirImg.php on line 3
[02-Jun-2016 21:12:17 UTC] PHP Warning:  move_uploaded_file(): Unable to move '/tmp/phpzt36e4' to 'img/1464901915.jpg' in /home/u695092214/public_html/php/subirImg.php on line 3
[02-Jun-2016 21:14:50 UTC] PHP Warning:  move_uploaded_file(img/1464902068.jpg): failed to open stream: No such file or directory in /home/u695092214/public_html/php/subirImg.php on line 3
[02-Jun-2016 21:14:50 UTC] PHP Warning:  move_uploaded_file(): Unable to move '/tmp/phpUfSBkj' to 'img/1464902068.jpg' in /home/u695092214/public_html/php/subirImg.php on line 3
[02-Jun-2016 21:20:55 UTC] PHP Warning:  move_uploaded_file(img/1464902427.jpg): failed to open stream: No such file or directory in /home/u695092214/public_html/php/subirImg.php on line 3
[02-Jun-2016 21:20:55 UTC] PHP Warning:  move_uploaded_file(): Unable to move '/tmp/phpTtPnw2' to 'img/1464902427.jpg' in /home/u695092214/public_html/php/subirImg.php on line 3
[02-Jun-2016 21:30:21 UTC] PHP Warning:  move_uploaded_file(img/1464902995.jpg): failed to open stream: No such file or directory in /home/u695092214/public_html/php/subirImg.php on line 3
[02-Jun-2016 21:30:21 UTC] PHP Warning:  move_uploaded_file(): Unable to move '/tmp/php3pBsLn' to 'img/1464902995.jpg' in /home/u695092214/public_html/php/subirImg.php on line 3
[02-Jun-2016 21:40:13 UTC] PHP Warning:  move_uploaded_file(img/1464903588.jpg): failed to open stream: No such file or directory in /home/u695092214/public_html/php/subirImg.php on line 3
[02-Jun-2016 21:40:13 UTC] PHP Warning:  move_uploaded_file(): Unable to move '/tmp/php1S4YPW' to 'img/1464903588.jpg' in /home/u695092214/public_html/php/subirImg.php on line 3
[02-Jun-2016 21:44:37 UTC] PHP Warning:  move_uploaded_file(img/1464903848.jpg): failed to open stream: No such file or directory in /home/u695092214/public_html/php/subirImg.php on line 3
[02-Jun-2016 21:44:37 UTC] PHP Warning:  move_uploaded_file(): Unable to move '/tmp/phptwv7Lj' to 'img/1464903848.jpg' in /home/u695092214/public_html/php/subirImg.php on line 3
[02-Jun-2016 22:25:38 UTC] PHP Warning:  move_uploaded_file(img/1464906320.jpg): failed to open stream: No such file or directory in /home/u695092214/public_html/php/subirImg.php on line 3
[02-Jun-2016 22:25:38 UTC] PHP Warning:  move_uploaded_file(): Unable to move '/tmp/phpKh01fg' to 'img/1464906320.jpg' in /home/u695092214/public_html/php/subirImg.php on line 3
[02-Jun-2016 22:27:44 UTC] PHP Warning:  move_uploaded_file(img/1464906438.jpg): failed to open stream: No such file or directory in /home/u695092214/public_html/php/subirImg.php on line 3
[02-Jun-2016 22:27:44 UTC] PHP Warning:  move_uploaded_file(): Unable to move '/tmp/php6sM4SM' to 'img/1464906438.jpg' in /home/u695092214/public_html/php/subirImg.php on line 3
[02-Jun-2016 22:45:13 UTC] PHP Warning:  move_uploaded_file(img/1464907489.jpg): failed to open stream: No such file or directory in /home/u695092214/public_html/php/subirImg.php on line 3
[02-Jun-2016 22:45:13 UTC] PHP Warning:  move_uploaded_file(): Unable to move '/tmp/phpXFdfA7' to 'img/1464907489.jpg' in /home/u695092214/public_html/php/subirImg.php on line 3
[02-Jun-2016 23:17:27 UTC] PHP Warning:  move_uploaded_file(img/1464909423.jpg): failed to open stream: No such file or directory in /home/u695092214/public_html/php/subirImg.php on line 3
[02-Jun-2016 23:17:27 UTC] PHP Warning:  move_uploaded_file(): Unable to move '/tmp/phpL8iazw' to 'img/1464909423.jpg' in /home/u695092214/public_html/php/subirImg.php on line 3
[02-Jun-2016 23:34:55 UTC] PHP Warning:  move_uploaded_file(img/1464910442.jpg): failed to open stream: No such file or directory in /home/u695092214/public_html/php/subirImg.php on line 3
[02-Jun-2016 23:34:55 UTC] PHP Warning:  move_uploaded_file(): Unable to move '/tmp/phpAdEKQ8' to 'img/1464910442.jpg' in /home/u695092214/public_html/php/subirImg.php on line 3
[03-Jun-2016 00:14:41 UTC] PHP Warning:  move_uploaded_file(img/1464912859.jpg): failed to open stream: No such file or directory in /home/u695092214/public_html/php/subirImg.php on line 3
[03-Jun-2016 00:14:41 UTC] PHP Warning:  move_uploaded_file(): Unable to move '/tmp/php47vaYN' to 'img/1464912859.jpg' in /home/u695092214/public_html/php/subirImg.php on line 3
[03-Jun-2016 01:05:44 UTC] PHP Warning:  chmod(): No such file or directory in /home/u695092214/public_html/php/subirImg.php on line 4
[03-Jun-2016 01:07:44 UTC] PHP Warning:  chmod(): No such file or directory in /home/u695092214/public_html/php/subirImg.php on line 4
[03-Jun-2016 01:15:18 UTC] PHP Warning:  chmod(): No such file or directory in /home/u695092214/public_html/php/subirImg.php on line 4
